\BOOKMARK [1][-]{section.1}{\376\377\000I\000n\000t\000r\000o\000d\000u\000c\000t\000i\000o\000n}{}% 1
\BOOKMARK [1][-]{section.2}{\376\377\000B\000r\000i\000e\000f\000\040\000o\000v\000e\000r\000v\000i\000e\000w\000\040\000o\000f\000\040\000o\000u\000r\000\040\000d\000y\000n\000a\000m\000i\000c\000\040\000m\000o\000d\000e\000l}{}% 2
\BOOKMARK [1][-]{section.3}{\376\377\000A\000s\000s\000u\000m\000p\000t\000i\000o\000n\000s}{}% 3
\BOOKMARK [2][-]{subsection.3.1}{\376\377\000G\000l\000o\000b\000a\000l\000\040\000m\000o\000d\000e\000l\000i\000n\000g\000\040\000a\000s\000s\000u\000m\000p\000t\000i\000o\000n\000s}{section.3}% 4
\BOOKMARK [2][-]{subsection.3.2}{\376\377\000R\000e\000g\000i\000m\000e\000\040\000a\000n\000d\000\040\000i\000n\000p\000u\000t\000\040\000a\000s\000s\000u\000m\000p\000t\000i\000o\000n\000s}{section.3}% 5
\BOOKMARK [2][-]{subsection.3.3}{\376\377\000S\000t\000a\000t\000e\040\023\000s\000p\000e\000c\000i\000f\000i\000c\000\040\000a\000s\000s\000u\000m\000p\000t\000i\000o\000n\000s\000\040\000\050\000t\000o\000\040\000g\000u\000i\000d\000e\000\040\000t\000h\000e\000\040\000O\000D\000E\000\040\000f\000o\000r\000m\000s\000\040\000l\000a\000t\000e\000r\000\051}{section.3}% 6
\BOOKMARK [1][-]{section.4}{\376\377\000M\000o\000d\000e\000l\000\040\000d\000e\000v\000e\000l\000o\000p\000m\000e\000n\000t\000:\000\040\000a\000\040\000s\000i\000x\040\023\000s\000t\000a\000t\000e\000\040\000O\000D\000E\000\040\000w\000i\000t\000h\000\040\000e\000x\000o\000g\000e\000n\000o\000u\000s\000\040\000c\000o\000n\000t\000r\000o\000l\000s}{}% 7
\BOOKMARK [2][-]{subsection.4.1}{\376\377\000P\000r\000e\000l\000i\000m\000i\000n\000a\000r\000i\000e\000s\000:\000\040\000i\000n\000p\000u\000t\000s\000,\000\040\000n\000o\000r\000m\000a\000l\000i\000z\000a\000t\000i\000o\000n\000s\000,\000\040\000a\000n\000d\000\040\000h\000e\000l\000p\000e\000r\000\040\000f\000u\000n\000c\000t\000i\000o\000n\000s}{section.4}% 8
\BOOKMARK [2][-]{subsection.4.2}{\376\377\000T\000h\000e\000\040\000s\000i\000x\000\040\000O\000D\000E\000s\000\040\000\050\000c\000e\000n\000t\000e\000r\000\040\000o\000f\000\040\000t\000h\000e\000\040\000f\000i\000g\000u\000r\000e\000\051}{section.4}% 9
\BOOKMARK [2][-]{subsection.4.3}{\376\377\000W\000e\000l\000l\040\021\000p\000o\000s\000e\000d\000n\000e\000s\000s\000\040\000a\000n\000d\000\040\000q\000u\000a\000l\000i\000t\000a\000t\000i\000v\000e\000\040\000p\000r\000o\000p\000e\000r\000t\000i\000e\000s}{section.4}% 10
\BOOKMARK [2][-]{subsection.4.4}{\376\377\000F\000r\000o\000m\000\040\000r\000e\000g\000i\000m\000e\000s\000\040\000t\000o\000\040\000i\000n\000p\000u\000t\000s\000\040\000\050\000h\000o\000w\000\040\000s\000c\000h\000e\000d\000u\000l\000e\000s\000\040\000d\000r\000i\000v\000e\000\040\000t\000h\000e\000\040\000O\000D\000E\000\051}{section.4}% 11
\BOOKMARK [1][-]{section.5}{\376\377\000M\000o\000d\000e\000l\000\040\000s\000u\000m\000m\000a\000r\000y\000\040\000a\000n\000d\000\040\000p\000a\000r\000a\000m\000e\000t\000e\000r\000\040\000i\000n\000v\000e\000n\000t\000o\000r\000y}{}% 12
\BOOKMARK [2][-]{subsection.5.1}{\376\377\000C\000o\000m\000p\000a\000c\000t\000\040\000s\000t\000a\000t\000e\000m\000e\000n\000t\000\040\000o\000f\000\040\000t\000h\000e\000\040\000s\000i\000x\000\040\000O\000D\000E\000s}{section.5}% 13
\BOOKMARK [2][-]{subsection.5.2}{\376\377\000I\000n\000p\000u\000t\000s\000\040\000a\000n\000d\000\040\000h\000e\000l\000p\000e\000r\000\040\000r\000e\000l\000a\000t\000i\000o\000n\000s\000\040\000\050\000d\000e\000f\000i\000n\000i\000t\000i\000o\000n\000s\000\051}{section.5}% 14
\BOOKMARK [2][-]{subsection.5.3}{\376\377\000O\000u\000t\000p\000u\000t\000\040\000\050\000r\000e\000a\000d\000i\000n\000e\000s\000s\000\051}{section.5}% 15
\BOOKMARK [2][-]{subsection.5.4}{\376\377\000V\000a\000r\000i\000a\000b\000l\000e\000s\000\040\000a\000n\000d\000\040\000p\000a\000r\000a\000m\000e\000t\000e\000r\000s\000\040\000\050\000g\000r\000o\000u\000p\000e\000d\000\040\000i\000n\000v\000e\000n\000t\000o\000r\000y\000\051}{section.5}% 16
\BOOKMARK [1][-]{section.6}{\376\377\000P\000a\000r\000a\000m\000e\000t\000e\000r\000\040\000e\000s\000t\000i\000m\000a\000t\000i\000o\000n\000\040\000a\000n\000d\000\040\000p\000r\000i\000o\000r\000\040\000s\000p\000e\000c\000i\000f\000i\000c\000a\000t\000i\000o\000n}{}% 17
\BOOKMARK [2][-]{subsection.6.1}{\376\377\000D\000a\000t\000a\000\040\000s\000o\000u\000r\000c\000e\000s\000\040\000a\000n\000d\000\040\000n\000o\000r\000m\000a\000l\000i\000z\000a\000t\000i\000o\000n}{section.6}% 18
\BOOKMARK [2][-]{subsection.6.2}{\376\377\000L\000i\000t\000e\000r\000a\000t\000u\000r\000e\000\040\000a\000n\000c\000h\000o\000r\000s\000\040\000u\000s\000e\000d\000\040\000f\000o\000r\000\040\000p\000r\000i\000o\000r\000s}{section.6}% 19
\BOOKMARK [2][-]{subsection.6.3}{\376\377\000P\000r\000i\000o\000r\000s\000\040\000f\000o\000r\000\040\000t\000h\000e\000\040\000s\000i\000x\000\040\000O\000D\000E\000s}{section.6}% 20
\BOOKMARK [2][-]{subsection.6.4}{\376\377\000P\000r\000i\000o\000r\000s\000\040\000f\000o\000r\000\040\000a\000u\000x\000i\000l\000i\000a\000r\000y\000\040\000r\000e\000l\000a\000t\000i\000o\000n\000s\000\040\000\050\000l\000e\000f\000t\000/\000r\000i\000g\000h\000t\000\040\000c\000o\000l\000u\000m\000n\000s\000\051}{section.6}% 21
\BOOKMARK [2][-]{subsection.6.5}{\376\377\000I\000n\000i\000t\000i\000a\000l\000\040\000c\000o\000n\000d\000i\000t\000i\000o\000n\000s}{section.6}% 22
\BOOKMARK [2][-]{subsection.6.6}{\376\377\000I\000d\000e\000n\000t\000i\000f\000i\000a\000b\000i\000l\000i\000t\000y\000\040\000a\000n\000d\000\040\000s\000t\000a\000g\000e\000d\000\040\000c\000a\000l\000i\000b\000r\000a\000t\000i\000o\000n\000\040\000p\000l\000a\000n}{section.6}% 23
\BOOKMARK [2][-]{subsection.6.7}{\376\377\000P\000r\000i\000o\000r\000\040\000s\000u\000m\000m\000a\000r\000y\000\040\000t\000a\000b\000l\000e\000s}{section.6}% 24
\BOOKMARK [2][-]{subsection.6.8}{\376\377\000S\000e\000n\000s\000i\000t\000i\000v\000i\000t\000y\000\040\000o\000f\000\040\000p\000r\000i\000o\000r\000s\000\040\000\050\000w\000h\000a\000t\000\040\000m\000a\000t\000t\000e\000r\000s\000\040\000m\000o\000s\000t\000\051}{section.6}% 25
\BOOKMARK [2][-]{subsection.6.9}{\376\377\000W\000h\000a\000t\000\040\000w\000e\000\040\000d\000i\000d\000\040\000n\000o\000t\000\040\000i\000n\000c\000l\000u\000d\000e\000\040\000\050\000a\000n\000d\000\040\000w\000h\000y\000\051}{section.6}% 26
\BOOKMARK [2][-]{subsection.6.10}{\376\377\000L\000i\000k\000e\000l\000i\000h\000o\000o\000d\000\040\000s\000p\000e\000c\000i\000f\000i\000c\000a\000t\000i\000o\000n\000\040\000a\000n\000d\000\040\000o\000b\000s\000e\000r\000v\000a\000t\000i\000o\000n\000\040\000m\000o\000d\000e\000l}{section.6}% 27
